2016-06-14 10:52:22 [scrapy] INFO: Scrapy 1.0.5 started (bot: vietnamnet)
2016-06-14 10:52:22 [scrapy] INFO: Optional features available: ssl, http11
2016-06-14 10:52:22 [scrapy] INFO: Overridden settings: {'NEWSPIDER_MODULE': 'vietnamnet.spiders', 'FEED_URI': 'items.json', 'SPIDER_MODULES': ['vietnamnet.spiders'], 'BOT_NAME': 'vietnamnet', 'FEED_FORMAT': 'json', 'LOG_FILE': 'scrapy.log', 'DOWNLOAD_DELAY': 6}
2016-06-14 10:52:22 [scrapy] INFO: Enabled extensions: CloseSpider, FeedExporter, TelnetConsole, LogStats, CoreStats, SpiderState
2016-06-14 10:52:23 [scrapy] INFO: Enabled downloader middlewares: HttpAuthMiddleware, DownloadTimeoutMiddleware, UserAgentMiddleware, RetryMiddleware, DefaultHeadersMiddleware, MetaRefreshMiddleware, HttpCompressionMiddleware, RedirectMiddleware, CookiesMiddleware, HttpProxyMiddleware, ChunkedTransferMiddleware, DownloaderStats
2016-06-14 10:52:23 [scrapy] INFO: Enabled spider middlewares: HttpErrorMiddleware, OffsiteMiddleware, RefererMiddleware, UrlLengthMiddleware, DepthMiddleware
2016-06-14 10:52:23 [scrapy] INFO: Enabled item pipelines: VietnamnetPipeline
2016-06-14 10:52:23 [scrapy] INFO: Spider opened
2016-06-14 10:52:23 [scrapy] INFO: Crawled 0 pages (at 0 pages/min), scraped 0 items (at 0 items/min)
2016-06-14 10:52:23 [scrapy] DEBUG: Telnet console listening on 127.0.0.1:6023
2016-06-14 10:52:23 [scrapy] DEBUG: Crawled (200) <GET http://vietnamnet.vn> (referer: None) ['partial']
2016-06-14 10:52:23 [scrapy] INFO: Closing spider (finished)
2016-06-14 10:52:23 [scrapy] INFO: Dumping Scrapy stats:
{'downloader/request_bytes': 211,
 'downloader/request_count': 1,
 'downloader/request_method_count/GET': 1,
 'downloader/response_bytes': 118357,
 'downloader/response_count': 1,
 'downloader/response_status_count/200': 1,
 'finish_reason': 'finished',
 'finish_time': datetime.datetime(2016, 6, 14, 1, 52, 23, 980728),
 'log_count/DEBUG': 2,
 'log_count/INFO': 7,
 'response_received_count': 1,
 'scheduler/dequeued': 1,
 'scheduler/dequeued/disk': 1,
 'scheduler/enqueued': 1,
 'scheduler/enqueued/disk': 1,
 'start_time': datetime.datetime(2016, 6, 14, 1, 52, 23, 125136)}
2016-06-14 10:52:23 [scrapy] INFO: Spider closed (finished)
2016-07-07 15:07:20 [scrapy] INFO: Scrapy 1.0.5 started (bot: vietnamnet)
2016-07-07 15:07:20 [scrapy] INFO: Optional features available: ssl, http11
2016-07-07 15:07:20 [scrapy] INFO: Overridden settings: {'NEWSPIDER_MODULE': 'vietnamnet.spiders', 'FEED_URI': 'items.json', 'SPIDER_MODULES': ['vietnamnet.spiders'], 'BOT_NAME': 'vietnamnet', 'FEED_FORMAT': 'json', 'LOG_FILE': 'scrapy.log', 'DOWNLOAD_DELAY': 6}
2016-07-07 15:07:20 [scrapy] INFO: Enabled extensions: CloseSpider, FeedExporter, TelnetConsole, LogStats, CoreStats, SpiderState
2016-07-07 15:07:20 [scrapy] INFO: Enabled downloader middlewares: HttpAuthMiddleware, DownloadTimeoutMiddleware, UserAgentMiddleware, RetryMiddleware, DefaultHeadersMiddleware, MetaRefreshMiddleware, HttpCompressionMiddleware, RedirectMiddleware, CookiesMiddleware, HttpProxyMiddleware, ChunkedTransferMiddleware, DownloaderStats
2016-07-07 15:07:20 [scrapy] INFO: Enabled spider middlewares: HttpErrorMiddleware, OffsiteMiddleware, RefererMiddleware, UrlLengthMiddleware, DepthMiddleware
2016-07-07 15:07:20 [scrapy] INFO: Enabled item pipelines: VietnamnetPipeline
2016-07-07 15:07:20 [scrapy] INFO: Spider opened
2016-07-07 15:07:20 [scrapy] INFO: Crawled 0 pages (at 0 pages/min), scraped 0 items (at 0 items/min)
2016-07-07 15:07:20 [scrapy] DEBUG: Telnet console listening on 127.0.0.1:6023
2016-07-07 15:07:21 [scrapy] DEBUG: Crawled (200) <GET http://vietnamnet.vn> (referer: None) ['partial']
2016-07-07 15:07:21 [scrapy] INFO: Closing spider (finished)
2016-07-07 15:07:21 [scrapy] INFO: Dumping Scrapy stats:
{'downloader/request_bytes': 211,
 'downloader/request_count': 1,
 'downloader/request_method_count/GET': 1,
 'downloader/response_bytes': 117194,
 'downloader/response_count': 1,
 'downloader/response_status_count/200': 1,
 'finish_reason': 'finished',
 'finish_time': datetime.datetime(2016, 7, 7, 6, 7, 21, 456114),
 'log_count/DEBUG': 2,
 'log_count/INFO': 7,
 'response_received_count': 1,
 'scheduler/dequeued': 1,
 'scheduler/dequeued/disk': 1,
 'scheduler/enqueued': 1,
 'scheduler/enqueued/disk': 1,
 'start_time': datetime.datetime(2016, 7, 7, 6, 7, 20, 704433)}
2016-07-07 15:07:21 [scrapy] INFO: Spider closed (finished)
2016-07-12 01:27:17 [scrapy] INFO: Scrapy 1.0.5 started (bot: vietnamnet)
2016-07-12 01:27:17 [scrapy] INFO: Optional features available: ssl, http11
2016-07-12 01:27:17 [scrapy] INFO: Overridden settings: {'NEWSPIDER_MODULE': 'vietnamnet.spiders', 'FEED_URI': 'items.json', 'SPIDER_MODULES': ['vietnamnet.spiders'], 'BOT_NAME': 'vietnamnet', 'FEED_FORMAT': 'json', 'LOG_FILE': 'scrapy.log', 'DOWNLOAD_DELAY': 6}
2016-07-12 01:27:17 [scrapy] INFO: Enabled extensions: CloseSpider, FeedExporter, TelnetConsole, LogStats, CoreStats, SpiderState
2016-07-12 01:27:17 [scrapy] INFO: Enabled downloader middlewares: HttpAuthMiddleware, DownloadTimeoutMiddleware, UserAgentMiddleware, RetryMiddleware, DefaultHeadersMiddleware, MetaRefreshMiddleware, HttpCompressionMiddleware, RedirectMiddleware, CookiesMiddleware, ChunkedTransferMiddleware, DownloaderStats
2016-07-12 01:27:17 [scrapy] INFO: Enabled spider middlewares: HttpErrorMiddleware, OffsiteMiddleware, RefererMiddleware, UrlLengthMiddleware, DepthMiddleware
2016-07-12 01:27:17 [py.warnings] WARNING: /usr/local/lib/python2.7/dist-packages/scrapy/pipelines/__init__.py:21: ScrapyDeprecationWarning: ITEM_PIPELINES defined as a list or a set is deprecated, switch to a dict
  category=ScrapyDeprecationWarning, stacklevel=1)

2016-07-12 01:27:17 [scrapy] INFO: Enabled item pipelines: VietnamnetPipeline
2016-07-12 01:27:17 [scrapy] INFO: Spider opened
2016-07-12 01:27:17 [scrapy] INFO: Crawled 0 pages (at 0 pages/min), scraped 0 items (at 0 items/min)
2016-07-12 01:27:17 [scrapy] DEBUG: Telnet console listening on 127.0.0.1:6023
2016-07-12 01:27:18 [scrapy] DEBUG: Crawled (200) <GET http://vietnamnet.vn> (referer: None)
2016-07-12 01:27:18 [scrapy] INFO: Closing spider (finished)
2016-07-12 01:27:18 [scrapy] INFO: Dumping Scrapy stats:
{'downloader/request_bytes': 211,
 'downloader/request_count': 1,
 'downloader/request_method_count/GET': 1,
 'downloader/response_bytes': 24663,
 'downloader/response_count': 1,
 'downloader/response_status_count/200': 1,
 'finish_reason': 'finished',
 'finish_time': datetime.datetime(2016, 7, 11, 16, 27, 18, 493675),
 'log_count/DEBUG': 2,
 'log_count/INFO': 7,
 'log_count/WARNING': 1,
 'response_received_count': 1,
 'scheduler/dequeued': 1,
 'scheduler/dequeued/disk': 1,
 'scheduler/enqueued': 1,
 'scheduler/enqueued/disk': 1,
 'start_time': datetime.datetime(2016, 7, 11, 16, 27, 17, 558407)}
2016-07-12 01:27:18 [scrapy] INFO: Spider closed (finished)
